2016-01-21 20:03:07,501 [Worker-12] INFO  o.e.m.c.i.p.ProjectConfigurationManager - Collecting project info '/pom.xml' /Users/anon/Documents/workspace/myproject/pom.xml
2016-01-21 20:03:09,927 [Worker-12] INFO  o.e.m.c.i.l.LifecycleMappingFactory - Using org.eclipse.m2e.jdt.JarLifecycleMapping lifecycle mapping for MavenProject: com.examples:myproject:0.0.1-SNAPSHOT @ /Users/anon/Documents/workspace/myproject/pom.xml.
2016-01-21 20:03:10,382 [Worker-12] INFO  o.e.m.j.i.AbstractJavaProjectConfigurator - Adding source folder /myproject/src/main/java
2016-01-21 20:03:10,389 [Worker-12] INFO  o.e.m.j.i.AbstractJavaProjectConfigurator - Adding source folder /myproject/src/test/java
2016-01-21 20:03:11,339 [Worker-12] INFO  o.e.m.c.i.p.ProjectConfigurationManager - Imported and configured 1 project(s) in 3 sec
2016-01-21 20:03:12,745 [Worker-11] INFO  o.e.m.c.i.embedder.EclipseLogger - Using 'UTF-8' encoding to copy filtered resources.
2016-01-21 20:03:12,745 [Worker-11] INFO  o.e.m.c.i.embedder.EclipseLogger - skip non existing resourceDirectory /Users/anon/Documents/workspace/myproject/src/main/resources
2016-01-21 20:03:12,748 [Worker-11] INFO  o.e.m.c.i.embedder.EclipseLogger - Using 'UTF-8' encoding to copy filtered resources.
2016-01-21 20:03:12,748 [Worker-11] INFO  o.e.m.c.i.embedder.EclipseLogger - skip non existing resourceDirectory /Users/anon/Documents/workspace/myproject/src/test/resources
2016-01-21 20:03:22,068 [Worker-13] INFO  o.e.m.i.launch.MavenLaunchDelegate - /Users/anon/Documents/workspace/myproject
2016-01-21 20:03:22,071 [Worker-13] INFO  o.e.m.i.launch.MavenLaunchDelegate -  mvn  -B install
2016-01-21 20:03:24,702 [main] INFO  c.g.t.t.d.PublishedGradleVersions - Gradle version information cache file is not available. Remote download required.
2016-01-21 20:04:28,132 [Worker-5] INFO  o.e.m.c.i.embedder.EclipseLogger - Using 'UTF-8' encoding to copy filtered resources.
2016-01-21 20:04:28,134 [Worker-5] INFO  o.e.m.c.i.embedder.EclipseLogger - skip non existing resourceDirectory /Users/anon/Documents/workspace/myproject/src/main/resources
2016-01-21 20:04:28,137 [Worker-5] INFO  o.e.m.c.i.embedder.EclipseLogger - Using 'UTF-8' encoding to copy filtered resources.
2016-01-21 20:04:28,137 [Worker-5] INFO  o.e.m.c.i.embedder.EclipseLogger - skip non existing resourceDirectory /Users/anon/Documents/workspace/myproject/src/test/resources
2016-01-26 00:17:33,982 [Worker-517] INFO  o.e.m.c.i.embedder.EclipseLogger - Using 'UTF-8' encoding to copy filtered resources.
2016-01-26 00:17:34,009 [Worker-517] INFO  o.e.m.c.i.embedder.EclipseLogger - skip non existing resourceDirectory /Users/anon/Documents/workspace/myproject/src/main/resources
2016-01-26 00:17:34,012 [Worker-517] INFO  o.e.m.c.i.embedder.EclipseLogger - Using 'UTF-8' encoding to copy filtered resources.
2016-01-26 00:17:34,013 [Worker-517] INFO  o.e.m.c.i.embedder.EclipseLogger - skip non existing resourceDirectory /Users/anon/Documents/workspace/myproject/src/test/resources
2016-01-26 00:18:05,398 [Worker-516] INFO  o.e.m.c.i.embedder.EclipseLogger - Using 'UTF-8' encoding to copy filtered resources.
2016-01-26 00:18:05,407 [Worker-516] INFO  o.e.m.c.i.embedder.EclipseLogger - skip non existing resourceDirectory /Users/anon/Documents/workspace/myproject/src/main/resources
2016-01-26 00:18:05,410 [Worker-516] INFO  o.e.m.c.i.embedder.EclipseLogger - Using 'UTF-8' encoding to copy filtered resources.
2016-01-26 00:18:05,410 [Worker-516] INFO  o.e.m.c.i.embedder.EclipseLogger - skip non existing resourceDirectory /Users/anon/Documents/workspace/myproject/src/test/resources
2016-01-26 00:21:20,961 [Worker-516] INFO  o.e.m.c.i.embedder.EclipseLogger - Using 'UTF-8' encoding to copy filtered resources.
2016-01-26 00:21:20,966 [Worker-516] INFO  o.e.m.c.i.embedder.EclipseLogger - skip non existing resourceDirectory /Users/anon/Documents/workspace/myproject/src/main/resources
2016-01-26 00:21:20,983 [Worker-516] INFO  o.e.m.c.i.embedder.EclipseLogger - Using 'UTF-8' encoding to copy filtered resources.
2016-01-26 00:21:20,983 [Worker-516] INFO  o.e.m.c.i.embedder.EclipseLogger - skip non existing resourceDirectory /Users/anon/Documents/workspace/myproject/src/test/resources
2016-01-26 00:21:57,227 [Worker-513] INFO  o.e.m.c.i.embedder.EclipseLogger - Using 'UTF-8' encoding to copy filtered resources.
2016-01-26 00:21:57,241 [Worker-513] INFO  o.e.m.c.i.embedder.EclipseLogger - skip non existing resourceDirectory /Users/anon/Documents/workspace/myproject/src/main/resources
2016-01-26 00:21:57,244 [Worker-513] INFO  o.e.m.c.i.embedder.EclipseLogger - Using 'UTF-8' encoding to copy filtered resources.
2016-01-26 00:21:57,244 [Worker-513] INFO  o.e.m.c.i.embedder.EclipseLogger - skip non existing resourceDirectory /Users/anon/Documents/workspace/myproject/src/test/resources
2016-01-26 00:22:24,255 [Worker-516] INFO  o.e.m.c.i.embedder.EclipseLogger - Using 'UTF-8' encoding to copy filtered resources.
2016-01-26 00:22:24,261 [Worker-516] INFO  o.e.m.c.i.embedder.EclipseLogger - skip non existing resourceDirectory /Users/anon/Documents/workspace/myproject/src/main/resources
2016-01-26 00:22:24,264 [Worker-516] INFO  o.e.m.c.i.embedder.EclipseLogger - Using 'UTF-8' encoding to copy filtered resources.
2016-01-26 00:22:24,264 [Worker-516] INFO  o.e.m.c.i.embedder.EclipseLogger - skip non existing resourceDirectory /Users/anon/Documents/workspace/myproject/src/test/resources
2016-01-26 00:22:28,782 [Worker-517] INFO  o.e.m.c.i.embedder.EclipseLogger - Using 'UTF-8' encoding to copy filtered resources.
2016-01-26 00:22:28,782 [Worker-517] INFO  o.e.m.c.i.embedder.EclipseLogger - skip non existing resourceDirectory /Users/anon/Documents/workspace/myproject/src/main/resources
2016-01-26 00:22:28,784 [Worker-517] INFO  o.e.m.c.i.embedder.EclipseLogger - Using 'UTF-8' encoding to copy filtered resources.
2016-01-26 00:22:28,784 [Worker-517] INFO  o.e.m.c.i.embedder.EclipseLogger - skip non existing resourceDirectory /Users/anon/Documents/workspace/myproject/src/test/resources
2016-01-26 00:23:09,662 [Worker-498] INFO  o.e.m.c.i.embedder.EclipseLogger - Using 'UTF-8' encoding to copy filtered resources.
2016-01-26 00:23:09,667 [Worker-498] INFO  o.e.m.c.i.embedder.EclipseLogger - skip non existing resourceDirectory /Users/anon/Documents/workspace/myproject/src/main/resources
2016-01-26 00:23:09,669 [Worker-498] INFO  o.e.m.c.i.embedder.EclipseLogger - Using 'UTF-8' encoding to copy filtered resources.
2016-01-26 00:23:09,670 [Worker-498] INFO  o.e.m.c.i.embedder.EclipseLogger - skip non existing resourceDirectory /Users/anon/Documents/workspace/myproject/src/test/resources
2016-01-26 00:23:44,442 [Worker-515] INFO  o.e.m.c.i.embedder.EclipseLogger - Using 'UTF-8' encoding to copy filtered resources.
2016-01-26 00:23:44,451 [Worker-515] INFO  o.e.m.c.i.embedder.EclipseLogger - skip non existing resourceDirectory /Users/anon/Documents/workspace/myproject/src/main/resources
2016-01-26 00:23:44,485 [Worker-515] INFO  o.e.m.c.i.embedder.EclipseLogger - Using 'UTF-8' encoding to copy filtered resources.
2016-01-26 00:23:44,485 [Worker-515] INFO  o.e.m.c.i.embedder.EclipseLogger - skip non existing resourceDirectory /Users/anon/Documents/workspace/myproject/src/test/resources
2016-01-26 00:25:08,634 [Worker-518] INFO  o.e.m.c.i.embedder.EclipseLogger - Using 'UTF-8' encoding to copy filtered resources.
2016-01-26 00:25:08,637 [Worker-518] INFO  o.e.m.c.i.embedder.EclipseLogger - skip non existing resourceDirectory /Users/anon/Documents/workspace/myproject/src/main/resources
2016-01-26 00:25:08,639 [Worker-518] INFO  o.e.m.c.i.embedder.EclipseLogger - Using 'UTF-8' encoding to copy filtered resources.
2016-01-26 00:25:08,639 [Worker-518] INFO  o.e.m.c.i.embedder.EclipseLogger - skip non existing resourceDirectory /Users/anon/Documents/workspace/myproject/src/test/resources
2016-01-26 00:25:25,280 [Worker-498] INFO  o.e.m.c.i.embedder.EclipseLogger - Using 'UTF-8' encoding to copy filtered resources.
2016-01-26 00:25:25,285 [Worker-498] INFO  o.e.m.c.i.embedder.EclipseLogger - skip non existing resourceDirectory /Users/anon/Documents/workspace/myproject/src/main/resources
2016-01-26 00:25:25,288 [Worker-498] INFO  o.e.m.c.i.embedder.EclipseLogger - Using 'UTF-8' encoding to copy filtered resources.
2016-01-26 00:25:25,288 [Worker-498] INFO  o.e.m.c.i.embedder.EclipseLogger - skip non existing resourceDirectory /Users/anon/Documents/workspace/myproject/src/test/resources
2016-01-28 23:26:36,731 [Worker-950] INFO  o.e.m.c.i.embedder.EclipseLogger - Using 'UTF-8' encoding to copy filtered resources.
2016-01-28 23:26:36,737 [Worker-950] INFO  o.e.m.c.i.embedder.EclipseLogger - skip non existing resourceDirectory /Users/anon/Documents/workspace/myproject/src/main/resources
2016-01-28 23:26:36,741 [Worker-950] INFO  o.e.m.c.i.embedder.EclipseLogger - Using 'UTF-8' encoding to copy filtered resources.
2016-01-28 23:26:36,741 [Worker-950] INFO  o.e.m.c.i.embedder.EclipseLogger - skip non existing resourceDirectory /Users/anon/Documents/workspace/myproject/src/test/resources
2016-01-28 23:30:12,795 [Worker-6] INFO  o.e.m.c.i.embedder.EclipseLogger - Using 'UTF-8' encoding to copy filtered resources.
2016-01-28 23:30:12,819 [Worker-6] INFO  o.e.m.c.i.embedder.EclipseLogger - skip non existing resourceDirectory /Users/anon/Documents/workspace/myproject/src/main/resources
2016-01-28 23:30:12,827 [Worker-6] INFO  o.e.m.c.i.embedder.EclipseLogger - Using 'UTF-8' encoding to copy filtered resources.
2016-01-28 23:30:12,827 [Worker-6] INFO  o.e.m.c.i.embedder.EclipseLogger - skip non existing resourceDirectory /Users/anon/Documents/workspace/myproject/src/test/resources
2016-01-29 00:50:50,608 [Worker-41] INFO  o.e.m.c.i.embedder.EclipseLogger - Using 'UTF-8' encoding to copy filtered resources.
2016-01-29 00:50:50,618 [Worker-41] INFO  o.e.m.c.i.embedder.EclipseLogger - skip non existing resourceDirectory /Users/anon/Documents/workspace/myproject/src/main/resources
2016-01-29 00:50:50,624 [Worker-41] INFO  o.e.m.c.i.embedder.EclipseLogger - Using 'UTF-8' encoding to copy filtered resources.
2016-01-29 00:50:50,624 [Worker-41] INFO  o.e.m.c.i.embedder.EclipseLogger - skip non existing resourceDirectory /Users/anon/Documents/workspace/myproject/src/test/resources
2016-01-29 00:51:37,913 [Worker-39] INFO  o.e.m.c.i.embedder.EclipseLogger - Using 'UTF-8' encoding to copy filtered resources.
2016-01-29 00:51:37,916 [Worker-39] INFO  o.e.m.c.i.embedder.EclipseLogger - skip non existing resourceDirectory /Users/anon/Documents/workspace/myproject/src/main/resources
2016-01-29 00:51:37,919 [Worker-39] INFO  o.e.m.c.i.embedder.EclipseLogger - Using 'UTF-8' encoding to copy filtered resources.
2016-01-29 00:51:37,919 [Worker-39] INFO  o.e.m.c.i.embedder.EclipseLogger - skip non existing resourceDirectory /Users/anon/Documents/workspace/myproject/src/test/resources
2016-01-29 00:53:59,898 [Worker-43] INFO  o.e.m.c.i.embedder.EclipseLogger - Using 'UTF-8' encoding to copy filtered resources.
2016-01-29 00:53:59,905 [Worker-43] INFO  o.e.m.c.i.embedder.EclipseLogger - skip non existing resourceDirectory /Users/anon/Documents/workspace/myproject/src/main/resources
2016-01-29 00:53:59,909 [Worker-43] INFO  o.e.m.c.i.embedder.EclipseLogger - Using 'UTF-8' encoding to copy filtered resources.
2016-01-29 00:53:59,910 [Worker-43] INFO  o.e.m.c.i.embedder.EclipseLogger - skip non existing resourceDirectory /Users/anon/Documents/workspace/myproject/src/test/resources
2016-01-29 00:54:32,598 [Worker-43] INFO  o.e.m.c.i.embedder.EclipseLogger - Using 'UTF-8' encoding to copy filtered resources.
2016-01-29 00:54:32,602 [Worker-43] INFO  o.e.m.c.i.embedder.EclipseLogger - skip non existing resourceDirectory /Users/anon/Documents/workspace/myproject/src/main/resources
2016-01-29 00:54:32,605 [Worker-43] INFO  o.e.m.c.i.embedder.EclipseLogger - Using 'UTF-8' encoding to copy filtered resources.
2016-01-29 00:54:32,606 [Worker-43] INFO  o.e.m.c.i.embedder.EclipseLogger - skip non existing resourceDirectory /Users/anon/Documents/workspace/myproject/src/test/resources
2016-01-29 00:54:42,033 [main] INFO  c.g.t.t.d.PublishedGradleVersions - Gradle version information cache file is out-of-date. Remote download required.
2016-02-06 20:50:51,682 [main] INFO  c.g.t.t.d.PublishedGradleVersions - Gradle version information cache file is out-of-date. Remote download required.
2016-02-06 20:51:46,667 [Worker-53] INFO  o.e.m.c.i.embedder.EclipseLogger - Using 'UTF-8' encoding to copy filtered resources.
2016-02-06 20:51:46,671 [Worker-53] INFO  o.e.m.c.i.embedder.EclipseLogger - skip non existing resourceDirectory /Users/anon/Documents/workspace/myproject/src/main/resources
2016-02-06 20:51:46,676 [Worker-53] INFO  o.e.m.c.i.embedder.EclipseLogger - Using 'UTF-8' encoding to copy filtered resources.
2016-02-06 20:51:46,676 [Worker-53] INFO  o.e.m.c.i.embedder.EclipseLogger - skip non existing resourceDirectory /Users/anon/Documents/workspace/myproject/src/test/resources
2016-02-06 20:52:09,602 [Worker-49] INFO  o.e.m.c.i.embedder.EclipseLogger - Using 'UTF-8' encoding to copy filtered resources.
2016-02-06 20:52:09,604 [Worker-49] INFO  o.e.m.c.i.embedder.EclipseLogger - skip non existing resourceDirectory /Users/anon/Documents/workspace/myproject/src/main/resources
2016-02-06 20:52:09,606 [Worker-49] INFO  o.e.m.c.i.embedder.EclipseLogger - Using 'UTF-8' encoding to copy filtered resources.
2016-02-06 20:52:09,606 [Worker-49] INFO  o.e.m.c.i.embedder.EclipseLogger - skip non existing resourceDirectory /Users/anon/Documents/workspace/myproject/src/test/resources
2016-02-06 20:59:29,141 [Worker-52] INFO  o.e.m.c.i.embedder.EclipseLogger - Using 'UTF-8' encoding to copy filtered resources.
2016-02-06 20:59:29,144 [Worker-52] INFO  o.e.m.c.i.embedder.EclipseLogger - skip non existing resourceDirectory /Users/anon/Documents/workspace/myproject/src/main/resources
2016-02-06 20:59:29,147 [Worker-52] INFO  o.e.m.c.i.embedder.EclipseLogger - Using 'UTF-8' encoding to copy filtered resources.
2016-02-06 20:59:29,147 [Worker-52] INFO  o.e.m.c.i.embedder.EclipseLogger - skip non existing resourceDirectory /Users/anon/Documents/workspace/myproject/src/test/resources
2016-02-06 21:16:57,381 [Worker-58] INFO  o.e.m.c.i.embedder.EclipseLogger - Using 'UTF-8' encoding to copy filtered resources.
2016-02-06 21:16:57,387 [Worker-58] INFO  o.e.m.c.i.embedder.EclipseLogger - skip non existing resourceDirectory /Users/anon/Documents/workspace/myproject/src/main/resources
2016-02-06 21:16:57,388 [Worker-58] INFO  o.e.m.c.i.embedder.EclipseLogger - Using 'UTF-8' encoding to copy filtered resources.
2016-02-06 21:16:57,388 [Worker-58] INFO  o.e.m.c.i.embedder.EclipseLogger - skip non existing resourceDirectory /Users/anon/Documents/workspace/myproject/src/test/resources
2016-02-06 21:21:42,950 [Worker-49] INFO  o.e.m.c.i.embedder.EclipseLogger - Using 'UTF-8' encoding to copy filtered resources.
2016-02-06 21:21:42,951 [Worker-49] INFO  o.e.m.c.i.embedder.EclipseLogger - skip non existing resourceDirectory /Users/anon/Documents/workspace/myproject/src/main/resources
2016-02-06 21:21:42,952 [Worker-49] INFO  o.e.m.c.i.embedder.EclipseLogger - Using 'UTF-8' encoding to copy filtered resources.
2016-02-06 21:21:42,952 [Worker-49] INFO  o.e.m.c.i.embedder.EclipseLogger - skip non existing resourceDirectory /Users/anon/Documents/workspace/myproject/src/test/resources
2016-02-06 21:23:07,216 [Worker-56] INFO  o.e.m.c.i.embedder.EclipseLogger - Using 'UTF-8' encoding to copy filtered resources.
2016-02-06 21:23:07,216 [Worker-56] INFO  o.e.m.c.i.embedder.EclipseLogger - skip non existing resourceDirectory /Users/anon/Documents/workspace/myproject/src/main/resources
2016-02-06 21:23:07,218 [Worker-56] INFO  o.e.m.c.i.embedder.EclipseLogger - Using 'UTF-8' encoding to copy filtered resources.
2016-02-06 21:23:07,218 [Worker-56] INFO  o.e.m.c.i.embedder.EclipseLogger - skip non existing resourceDirectory /Users/anon/Documents/workspace/myproject/src/test/resources
2016-02-06 21:23:17,289 [Worker-49] INFO  o.e.m.c.i.embedder.EclipseLogger - Using 'UTF-8' encoding to copy filtered resources.
2016-02-06 21:23:17,289 [Worker-49] INFO  o.e.m.c.i.embedder.EclipseLogger - skip non existing resourceDirectory /Users/anon/Documents/workspace/myproject/src/main/resources
2016-02-06 21:23:17,291 [Worker-49] INFO  o.e.m.c.i.embedder.EclipseLogger - Using 'UTF-8' encoding to copy filtered resources.
2016-02-06 21:23:17,292 [Worker-49] INFO  o.e.m.c.i.embedder.EclipseLogger - skip non existing resourceDirectory /Users/anon/Documents/workspace/myproject/src/test/resources
2016-02-06 21:23:31,589 [Worker-57] INFO  o.e.m.c.i.embedder.EclipseLogger - Using 'UTF-8' encoding to copy filtered resources.
2016-02-06 21:23:31,589 [Worker-57] INFO  o.e.m.c.i.embedder.EclipseLogger - skip non existing resourceDirectory /Users/anon/Documents/workspace/myproject/src/main/resources
2016-02-06 21:23:31,593 [Worker-57] INFO  o.e.m.c.i.embedder.EclipseLogger - Using 'UTF-8' encoding to copy filtered resources.
2016-02-06 21:23:31,593 [Worker-57] INFO  o.e.m.c.i.embedder.EclipseLogger - skip non existing resourceDirectory /Users/anon/Documents/workspace/myproject/src/test/resources
2016-02-06 21:29:13,378 [Worker-54] INFO  o.e.m.c.i.embedder.EclipseLogger - Using 'UTF-8' encoding to copy filtered resources.
2016-02-06 21:29:13,381 [Worker-54] INFO  o.e.m.c.i.embedder.EclipseLogger - skip non existing resourceDirectory /Users/anon/Documents/workspace/myproject/src/main/resources
2016-02-06 21:29:13,382 [Worker-54] INFO  o.e.m.c.i.embedder.EclipseLogger - Using 'UTF-8' encoding to copy filtered resources.
2016-02-06 21:29:13,383 [Worker-54] INFO  o.e.m.c.i.embedder.EclipseLogger - skip non existing resourceDirectory /Users/anon/Documents/workspace/myproject/src/test/resources
2016-02-06 21:29:23,184 [Worker-54] INFO  o.e.m.c.i.embedder.EclipseLogger - Using 'UTF-8' encoding to copy filtered resources.
2016-02-06 21:29:23,187 [Worker-54] INFO  o.e.m.c.i.embedder.EclipseLogger - skip non existing resourceDirectory /Users/anon/Documents/workspace/myproject/src/main/resources
2016-02-06 21:29:23,189 [Worker-54] INFO  o.e.m.c.i.embedder.EclipseLogger - Using 'UTF-8' encoding to copy filtered resources.
2016-02-06 21:29:23,189 [Worker-54] INFO  o.e.m.c.i.embedder.EclipseLogger - skip non existing resourceDirectory /Users/anon/Documents/workspace/myproject/src/test/resources
2016-02-09 21:27:43,057 [Worker-146] INFO  o.e.m.c.i.embedder.EclipseLogger - Using 'UTF-8' encoding to copy filtered resources.
2016-02-09 21:27:43,075 [Worker-146] INFO  o.e.m.c.i.embedder.EclipseLogger - skip non existing resourceDirectory /Users/anon/Documents/workspace/myproject/src/main/resources
2016-02-09 21:27:43,078 [Worker-146] INFO  o.e.m.c.i.embedder.EclipseLogger - Using 'UTF-8' encoding to copy filtered resources.
2016-02-09 21:27:43,078 [Worker-146] INFO  o.e.m.c.i.embedder.EclipseLogger - skip non existing resourceDirectory /Users/anon/Documents/workspace/myproject/src/test/resources
2016-02-09 21:28:34,597 [Worker-144] INFO  o.e.m.c.i.embedder.EclipseLogger - Using 'UTF-8' encoding to copy filtered resources.
2016-02-09 21:28:34,628 [Worker-144] INFO  o.e.m.c.i.embedder.EclipseLogger - skip non existing resourceDirectory /Users/anon/Documents/workspace/myproject/src/main/resources
2016-02-09 21:28:34,632 [Worker-144] INFO  o.e.m.c.i.embedder.EclipseLogger - Using 'UTF-8' encoding to copy filtered resources.
2016-02-09 21:28:34,633 [Worker-144] INFO  o.e.m.c.i.embedder.EclipseLogger - skip non existing resourceDirectory /Users/anon/Documents/workspace/myproject/src/test/resources
2016-02-09 21:33:19,996 [Worker-129] INFO  o.e.m.c.i.embedder.EclipseLogger - Using 'UTF-8' encoding to copy filtered resources.
2016-02-09 21:33:20,001 [Worker-129] INFO  o.e.m.c.i.embedder.EclipseLogger - skip non existing resourceDirectory /Users/anon/Documents/workspace/myproject/src/main/resources
2016-02-09 21:33:20,008 [Worker-129] INFO  o.e.m.c.i.embedder.EclipseLogger - Using 'UTF-8' encoding to copy filtered resources.
2016-02-09 21:33:20,008 [Worker-129] INFO  o.e.m.c.i.embedder.EclipseLogger - skip non existing resourceDirectory /Users/anon/Documents/workspace/myproject/src/test/resources
2016-02-09 21:35:17,518 [Worker-148] INFO  o.e.m.c.i.embedder.EclipseLogger - Using 'UTF-8' encoding to copy filtered resources.
2016-02-09 21:35:17,522 [Worker-148] INFO  o.e.m.c.i.embedder.EclipseLogger - skip non existing resourceDirectory /Users/anon/Documents/workspace/myproject/src/main/resources
2016-02-09 21:35:17,524 [Worker-148] INFO  o.e.m.c.i.embedder.EclipseLogger - Using 'UTF-8' encoding to copy filtered resources.
2016-02-09 21:35:17,524 [Worker-148] INFO  o.e.m.c.i.embedder.EclipseLogger - skip non existing resourceDirectory /Users/anon/Documents/workspace/myproject/src/test/resources
2016-02-09 21:40:11,541 [Worker-152] INFO  o.e.m.c.i.embedder.EclipseLogger - Using 'UTF-8' encoding to copy filtered resources.
2016-02-09 21:40:11,548 [Worker-152] INFO  o.e.m.c.i.embedder.EclipseLogger - skip non existing resourceDirectory /Users/anon/Documents/workspace/myproject/src/main/resources
2016-02-09 21:40:11,551 [Worker-152] INFO  o.e.m.c.i.embedder.EclipseLogger - Using 'UTF-8' encoding to copy filtered resources.
2016-02-09 21:40:11,552 [Worker-152] INFO  o.e.m.c.i.embedder.EclipseLogger - skip non existing resourceDirectory /Users/anon/Documents/workspace/myproject/src/test/resources
2016-02-09 21:41:25,187 [Worker-153] INFO  o.e.m.c.i.embedder.EclipseLogger - Using 'UTF-8' encoding to copy filtered resources.
2016-02-09 21:41:25,194 [Worker-153] INFO  o.e.m.c.i.embedder.EclipseLogger - skip non existing resourceDirectory /Users/anon/Documents/workspace/myproject/src/main/resources
2016-02-09 21:41:25,197 [Worker-153] INFO  o.e.m.c.i.embedder.EclipseLogger - Using 'UTF-8' encoding to copy filtered resources.
2016-02-09 21:41:25,197 [Worker-153] INFO  o.e.m.c.i.embedder.EclipseLogger - skip non existing resourceDirectory /Users/anon/Documents/workspace/myproject/src/test/resources
2016-02-09 21:42:09,338 [Worker-148] INFO  o.e.m.c.i.embedder.EclipseLogger - Using 'UTF-8' encoding to copy filtered resources.
2016-02-09 21:42:09,341 [Worker-148] INFO  o.e.m.c.i.embedder.EclipseLogger - skip non existing resourceDirectory /Users/anon/Documents/workspace/myproject/src/main/resources
2016-02-09 21:42:09,344 [Worker-148] INFO  o.e.m.c.i.embedder.EclipseLogger - Using 'UTF-8' encoding to copy filtered resources.
2016-02-09 21:42:09,344 [Worker-148] INFO  o.e.m.c.i.embedder.EclipseLogger - skip non existing resourceDirectory /Users/anon/Documents/workspace/myproject/src/test/resources
2016-02-09 21:42:21,322 [main] INFO  c.g.t.t.d.PublishedGradleVersions - Gradle version information cache file is out-of-date. Remote download required.
2016-02-09 21:42:42,449 [Worker-148] INFO  o.e.m.c.i.embedder.EclipseLogger - Using 'UTF-8' encoding to copy filtered resources.
2016-02-09 21:42:42,450 [Worker-148] INFO  o.e.m.c.i.embedder.EclipseLogger - skip non existing resourceDirectory /Users/anon/Documents/workspace/myproject/src/main/resources
2016-02-09 21:42:42,459 [Worker-148] INFO  o.e.m.c.i.embedder.EclipseLogger - Using 'UTF-8' encoding to copy filtered resources.
2016-02-09 21:42:42,461 [Worker-148] INFO  o.e.m.c.i.embedder.EclipseLogger - skip non existing resourceDirectory /Users/anon/Documents/workspace/myproject/src/test/resources
2016-02-09 21:50:33,259 [Worker-149] INFO  o.e.m.c.i.embedder.EclipseLogger - Using 'UTF-8' encoding to copy filtered resources.
2016-02-09 21:50:33,261 [Worker-149] INFO  o.e.m.c.i.embedder.EclipseLogger - skip non existing resourceDirectory /Users/anon/Documents/workspace/myproject/src/main/resources
2016-02-09 21:50:33,262 [Worker-149] INFO  o.e.m.c.i.embedder.EclipseLogger - Using 'UTF-8' encoding to copy filtered resources.
2016-02-09 21:50:33,263 [Worker-149] INFO  o.e.m.c.i.embedder.EclipseLogger - skip non existing resourceDirectory /Users/anon/Documents/workspace/myproject/src/test/resources
2016-02-09 21:51:19,316 [Worker-149] INFO  o.e.m.c.i.embedder.EclipseLogger - Using 'UTF-8' encoding to copy filtered resources.
2016-02-09 21:51:19,320 [Worker-149] INFO  o.e.m.c.i.embedder.EclipseLogger - skip non existing resourceDirectory /Users/anon/Documents/workspace/myproject/src/main/resources
2016-02-09 21:51:19,322 [Worker-149] INFO  o.e.m.c.i.embedder.EclipseLogger - Using 'UTF-8' encoding to copy filtered resources.
2016-02-09 21:51:19,322 [Worker-149] INFO  o.e.m.c.i.embedder.EclipseLogger - skip non existing resourceDirectory /Users/anon/Documents/workspace/myproject/src/test/resources
2016-02-09 21:51:38,493 [Worker-154] INFO  o.e.m.c.i.embedder.EclipseLogger - Using 'UTF-8' encoding to copy filtered resources.
2016-02-09 21:51:38,495 [Worker-154] INFO  o.e.m.c.i.embedder.EclipseLogger - skip non existing resourceDirectory /Users/anon/Documents/workspace/myproject/src/main/resources
2016-02-09 21:51:38,497 [Worker-154] INFO  o.e.m.c.i.embedder.EclipseLogger - Using 'UTF-8' encoding to copy filtered resources.
2016-02-09 21:51:38,497 [Worker-154] INFO  o.e.m.c.i.embedder.EclipseLogger - skip non existing resourceDirectory /Users/anon/Documents/workspace/myproject/src/test/resources
2016-02-09 21:55:44,665 [Worker-159] INFO  o.e.m.c.i.embedder.EclipseLogger - Using 'UTF-8' encoding to copy filtered resources.
2016-02-09 21:55:44,669 [Worker-159] INFO  o.e.m.c.i.embedder.EclipseLogger - skip non existing resourceDirectory /Users/anon/Documents/workspace/myproject/src/main/resources
2016-02-09 21:55:44,687 [Worker-159] INFO  o.e.m.c.i.embedder.EclipseLogger - Using 'UTF-8' encoding to copy filtered resources.
2016-02-09 21:55:44,701 [Worker-159] INFO  o.e.m.c.i.embedder.EclipseLogger - skip non existing resourceDirectory /Users/anon/Documents/workspace/myproject/src/test/resources
2016-02-09 22:34:20,102 [Worker-163] INFO  o.e.m.c.i.embedder.EclipseLogger - Using 'UTF-8' encoding to copy filtered resources.
2016-02-09 22:34:20,108 [Worker-163] INFO  o.e.m.c.i.embedder.EclipseLogger - skip non existing resourceDirectory /Users/anon/Documents/workspace/myproject/src/main/resources
2016-02-09 22:34:20,110 [Worker-163] INFO  o.e.m.c.i.embedder.EclipseLogger - Using 'UTF-8' encoding to copy filtered resources.
2016-02-09 22:34:20,110 [Worker-163] INFO  o.e.m.c.i.embedder.EclipseLogger - skip non existing resourceDirectory /Users/anon/Documents/workspace/myproject/src/test/resources
2016-02-09 22:34:26,362 [Worker-171] INFO  o.e.m.c.i.embedder.EclipseLogger - Using 'UTF-8' encoding to copy filtered resources.
2016-02-09 22:34:26,365 [Worker-171] INFO  o.e.m.c.i.embedder.EclipseLogger - skip non existing resourceDirectory /Users/anon/Documents/workspace/myproject/src/main/resources
2016-02-09 22:34:26,369 [Worker-171] INFO  o.e.m.c.i.embedder.EclipseLogger - Using 'UTF-8' encoding to copy filtered resources.
2016-02-09 22:34:26,369 [Worker-171] INFO  o.e.m.c.i.embedder.EclipseLogger - skip non existing resourceDirectory /Users/anon/Documents/workspace/myproject/src/test/resources
2016-02-09 22:35:26,749 [Worker-163] INFO  o.e.m.c.i.embedder.EclipseLogger - Using 'UTF-8' encoding to copy filtered resources.
2016-02-09 22:35:26,753 [Worker-163] INFO  o.e.m.c.i.embedder.EclipseLogger - skip non existing resourceDirectory /Users/anon/Documents/workspace/myproject/src/main/resources
2016-02-09 22:35:26,759 [Worker-163] INFO  o.e.m.c.i.embedder.EclipseLogger - Using 'UTF-8' encoding to copy filtered resources.
2016-02-09 22:35:26,759 [Worker-163] INFO  o.e.m.c.i.embedder.EclipseLogger - skip non existing resourceDirectory /Users/anon/Documents/workspace/myproject/src/test/resources
2016-02-09 22:35:43,415 [Worker-174] INFO  o.e.m.c.i.embedder.EclipseLogger - Using 'UTF-8' encoding to copy filtered resources.
2016-02-09 22:35:43,418 [Worker-174] INFO  o.e.m.c.i.embedder.EclipseLogger - skip non existing resourceDirectory /Users/anon/Documents/workspace/myproject/src/main/resources
2016-02-09 22:35:43,425 [Worker-174] INFO  o.e.m.c.i.embedder.EclipseLogger - Using 'UTF-8' encoding to copy filtered resources.
2016-02-09 22:35:43,425 [Worker-174] INFO  o.e.m.c.i.embedder.EclipseLogger - skip non existing resourceDirectory /Users/anon/Documents/workspace/myproject/src/test/resources
2016-02-09 22:36:38,376 [Worker-171] INFO  o.e.m.c.i.embedder.EclipseLogger - Using 'UTF-8' encoding to copy filtered resources.
2016-02-09 22:36:38,379 [Worker-171] INFO  o.e.m.c.i.embedder.EclipseLogger - skip non existing resourceDirectory /Users/anon/Documents/workspace/myproject/src/main/resources
2016-02-09 22:36:38,381 [Worker-171] INFO  o.e.m.c.i.embedder.EclipseLogger - Using 'UTF-8' encoding to copy filtered resources.
2016-02-09 22:36:38,382 [Worker-171] INFO  o.e.m.c.i.embedder.EclipseLogger - skip non existing resourceDirectory /Users/anon/Documents/workspace/myproject/src/test/resources
2016-02-09 22:36:56,218 [Worker-173] INFO  o.e.m.c.i.embedder.EclipseLogger - Using 'UTF-8' encoding to copy filtered resources.
2016-02-09 22:36:56,220 [Worker-173] INFO  o.e.m.c.i.embedder.EclipseLogger - skip non existing resourceDirectory /Users/anon/Documents/workspace/myproject/src/main/resources
2016-02-09 22:36:56,223 [Worker-173] INFO  o.e.m.c.i.embedder.EclipseLogger - Using 'UTF-8' encoding to copy filtered resources.
2016-02-09 22:36:56,223 [Worker-173] INFO  o.e.m.c.i.embedder.EclipseLogger - skip non existing resourceDirectory /Users/anon/Documents/workspace/myproject/src/test/resources
2016-02-09 22:39:16,253 [Worker-174] INFO  o.e.m.c.i.embedder.EclipseLogger - Using 'UTF-8' encoding to copy filtered resources.
2016-02-09 22:39:16,260 [Worker-174] INFO  o.e.m.c.i.embedder.EclipseLogger - skip non existing resourceDirectory /Users/anon/Documents/workspace/myproject/src/main/resources
2016-02-09 22:39:16,262 [Worker-174] INFO  o.e.m.c.i.embedder.EclipseLogger - Using 'UTF-8' encoding to copy filtered resources.
2016-02-09 22:39:16,262 [Worker-174] INFO  o.e.m.c.i.embedder.EclipseLogger - skip non existing resourceDirectory /Users/anon/Documents/workspace/myproject/src/test/resources
2016-02-09 22:40:56,567 [Worker-171] INFO  o.e.m.c.i.embedder.EclipseLogger - Using 'UTF-8' encoding to copy filtered resources.
2016-02-09 22:40:56,573 [Worker-171] INFO  o.e.m.c.i.embedder.EclipseLogger - skip non existing resourceDirectory /Users/anon/Documents/workspace/myproject/src/main/resources
2016-02-09 22:40:56,576 [Worker-171] INFO  o.e.m.c.i.embedder.EclipseLogger - Using 'UTF-8' encoding to copy filtered resources.
2016-02-09 22:40:56,576 [Worker-171] INFO  o.e.m.c.i.embedder.EclipseLogger - skip non existing resourceDirectory /Users/anon/Documents/workspace/myproject/src/test/resources
2016-02-09 22:42:15,840 [Worker-171] INFO  o.e.m.c.i.embedder.EclipseLogger - Using 'UTF-8' encoding to copy filtered resources.
2016-02-09 22:42:15,843 [Worker-171] INFO  o.e.m.c.i.embedder.EclipseLogger - skip non existing resourceDirectory /Users/anon/Documents/workspace/myproject/src/main/resources
2016-02-09 22:42:15,846 [Worker-171] INFO  o.e.m.c.i.embedder.EclipseLogger - Using 'UTF-8' encoding to copy filtered resources.
2016-02-09 22:42:15,846 [Worker-171] INFO  o.e.m.c.i.embedder.EclipseLogger - skip non existing resourceDirectory /Users/anon/Documents/workspace/myproject/src/test/resources
2016-02-09 22:46:59,543 [Worker-176] INFO  o.e.m.c.i.embedder.EclipseLogger - Using 'UTF-8' encoding to copy filtered resources.
2016-02-09 22:46:59,546 [Worker-176] INFO  o.e.m.c.i.embedder.EclipseLogger - skip non existing resourceDirectory /Users/anon/Documents/workspace/myproject/src/main/resources
2016-02-09 22:46:59,547 [Worker-176] INFO  o.e.m.c.i.embedder.EclipseLogger - Using 'UTF-8' encoding to copy filtered resources.
2016-02-09 22:46:59,547 [Worker-176] INFO  o.e.m.c.i.embedder.EclipseLogger - skip non existing resourceDirectory /Users/anon/Documents/workspace/myproject/src/test/resources
2016-02-12 00:17:16,022 [ModalContext] INFO  o.e.m.c.i.e.AbstractTransferListenerAdapter - Downloading https://repo.maven.apache.org/maven2/org/apache/maven/archetypes/maven-archetype-webapp/1.0/maven-archetype-webapp-1.0.jar
2016-02-12 00:17:16,081 [ModalContext] INFO  o.e.m.c.i.e.AbstractTransferListenerAdapter - Downloaded https://repo.maven.apache.org/maven2/org/apache/maven/archetypes/maven-archetype-webapp/1.0/maven-archetype-webapp-1.0.jar
2016-02-12 00:17:16,108 [ModalContext] INFO  o.e.m.c.i.e.AbstractTransferListenerAdapter - Downloading https://repo.maven.apache.org/maven2/org/apache/maven/archetypes/maven-archetype-webapp/1.0/maven-archetype-webapp-1.0.pom
2016-02-12 00:17:16,130 [ModalContext] INFO  o.e.m.c.i.e.AbstractTransferListenerAdapter - Downloaded https://repo.maven.apache.org/maven2/org/apache/maven/archetypes/maven-archetype-webapp/1.0/maven-archetype-webapp-1.0.pom
2016-02-12 00:17:35,096 [Worker-496] INFO  o.e.m.c.i.p.ProjectConfigurationManager - Collecting project info '/pom.xml' /Users/anon/Documents/workspace/webapp/pom.xml
2016-02-12 00:17:36,042 [Worker-496] INFO  o.e.m.c.i.e.AbstractTransferListenerAdapter - Downloading https://repo.maven.apache.org/maven2/org/apache/maven/plugins/maven-war-plugin/2.2/maven-war-plugin-2.2.jar
2016-02-12 00:17:36,148 [Worker-496] INFO  o.e.m.c.i.e.AbstractTransferListenerAdapter - Downloaded https://repo.maven.apache.org/maven2/org/apache/maven/plugins/maven-war-plugin/2.2/maven-war-plugin-2.2.jar
2016-02-12 00:17:37,651 [Worker-496] INFO  o.e.m.c.i.l.LifecycleMappingFactory - Using org.eclipse.m2e.jdt.JarLifecycleMapping lifecycle mapping for MavenProject: com.examples:webapp:0.0.1-SNAPSHOT @ /Users/anon/Documents/workspace/webapp/pom.xml.
2016-02-12 00:17:37,811 [Worker-496] INFO  o.e.m.j.i.AbstractJavaProjectConfigurator - Adding source folder /webapp/src/main/java
2016-02-12 00:17:37,812 [Worker-496] INFO  o.e.m.j.i.AbstractJavaProjectConfigurator - Adding resource folder /webapp/src/main/resources
2016-02-12 00:17:37,813 [Worker-496] INFO  o.e.m.j.i.AbstractJavaProjectConfigurator - Adding source folder /webapp/src/test/java
2016-02-12 00:17:37,965 [Worker-496] INFO  o.e.m.c.i.p.ProjectConfigurationManager - Imported and configured 1 project(s) in 2 sec
2016-02-12 00:17:38,188 [Worker-491] WARN  o.e.m.c.i.embedder.EclipseLogger - Using platform encoding (UTF-8 actually) to copy filtered resources, i.e. build is platform dependent!
2016-02-12 00:17:38,212 [Worker-491] INFO  o.e.m.c.i.embedder.EclipseLogger - Copying 0 resource
2016-02-12 00:17:38,214 [Worker-491] WARN  o.e.m.c.i.embedder.EclipseLogger - Using platform encoding (UTF-8 actually) to copy filtered resources, i.e. build is platform dependent!
2016-02-12 00:17:38,215 [Worker-491] INFO  o.e.m.c.i.embedder.EclipseLogger - skip non existing resourceDirectory /Users/anon/Documents/workspace/webapp/src/test/resources
2016-02-12 00:24:46,647 [Worker-498] INFO  o.e.m.i.launch.MavenLaunchDelegate - /Users/anon/Documents/workspace/webapp
2016-02-12 00:24:46,650 [Worker-498] INFO  o.e.m.i.launch.MavenLaunchDelegate -  mvn  -B install
2016-02-12 00:25:01,242 [Worker-485] WARN  o.e.m.c.i.embedder.EclipseLogger - Using platform encoding (UTF-8 actually) to copy filtered resources, i.e. build is platform dependent!
2016-02-12 00:25:01,254 [Worker-485] INFO  o.e.m.c.i.embedder.EclipseLogger - Copying 0 resource
2016-02-12 00:25:01,256 [Worker-485] WARN  o.e.m.c.i.embedder.EclipseLogger - Using platform encoding (UTF-8 actually) to copy filtered resources, i.e. build is platform dependent!
2016-02-12 00:25:01,257 [Worker-485] INFO  o.e.m.c.i.embedder.EclipseLogger - skip non existing resourceDirectory /Users/anon/Documents/workspace/webapp/src/test/resources
2016-02-13 00:34:43,236 [Worker-564] INFO  o.e.m.c.i.embedder.EclipseLogger - Using 'UTF-8' encoding to copy filtered resources.
2016-02-13 00:34:43,240 [Worker-564] INFO  o.e.m.c.i.embedder.EclipseLogger - skip non existing resourceDirectory /Users/anon/Documents/workspace/myproject/src/main/resources
2016-02-13 00:34:43,242 [Worker-564] INFO  o.e.m.c.i.embedder.EclipseLogger - Using 'UTF-8' encoding to copy filtered resources.
2016-02-13 00:34:43,242 [Worker-564] INFO  o.e.m.c.i.embedder.EclipseLogger - skip non existing resourceDirectory /Users/anon/Documents/workspace/myproject/src/test/resources
